<?xml version="1.0" encoding="UTF-8" ?>
<testsuite errors="0" failures="0" hostname="Wenbins-MBP" name="ToDoListTest" skipped="0" tests="7" time="0.082" timestamp="2021-03-21T02:53:00">
  <properties>
    <property name="java.vendor" value="Oracle Corporation" />
    <property name="sun.java.launcher" value="SUN_STANDARD" />
    <property name="env.XPC_SERVICE_NAME" value="com.apple.xpc.launchd.oneshot.0x10000002.eclipse" />
    <property name="sun.management.compiler" value="HotSpot 64-Bit Tiered Compilers" />
    <property name="env.SECURITYSESSIONID" value="186a6" />
    <property name="os.name" value="Mac OS X" />
    <property name="sun.boot.class.path" value="/Library/Java/JavaVirtualMachines/jdk1.8.0_141.jdk/Contents/Home/jre/lib/resources.jar:/Library/Java/JavaVirtualMachines/jdk1.8.0_141.jdk/Contents/Home/jre/lib/rt.jar:/Library/Java/JavaVirtualMachines/jdk1.8.0_141.jdk/Contents/Home/jre/lib/sunrsasign.jar:/Library/Java/JavaVirtualMachines/jdk1.8.0_141.jdk/Contents/Home/jre/lib/jsse.jar:/Library/Java/JavaVirtualMachines/jdk1.8.0_141.jdk/Contents/Home/jre/lib/jce.jar:/Library/Java/JavaVirtualMachines/jdk1.8.0_141.jdk/Contents/Home/jre/lib/charsets.jar:/Library/Java/JavaVirtualMachines/jdk1.8.0_141.jdk/Contents/Home/jre/lib/jfr.jar:/Library/Java/JavaVirtualMachines/jdk1.8.0_141.jdk/Contents/Home/jre/classes" />
    <property name="env.TMPDIR" value="/var/folders/t2/tvbb4lg90zx26134p285bdd00000gp/T/" />
    <property name="java.vm.specification.vendor" value="Oracle Corporation" />
    <property name="ant.home" value="/Users/Wenbin/.p2/pool/plugins/org.apache.ant_1.10.9.v20201106-1946" />
    <property name="java.runtime.version" value="1.8.0_141-b15" />
    <property name="env.JAVA_STARTED_ON_FIRST_THREAD_1056" value="1" />
    <property name="user.name" value="Wenbin" />
    <property name="env.USER" value="Wenbin" />
    <property name="env.SHELL" value="/bin/zsh" />
    <property name="env.__CF_USER_TEXT_ENCODING" value="0x1F6:0x0:0xF" />
    <property name="env.PATH" value="/usr/bin:/bin:/usr/sbin:/sbin" />
    <property name="user.language" value="en" />
    <property name="sun.boot.library.path" value="/Library/Java/JavaVirtualMachines/jdk1.8.0_141.jdk/Contents/Home/jre/lib" />
    <property name="ant.project.default-target" value="build" />
    <property name="env.XPC_FLAGS" value="0x0" />
    <property name="ant.project.name" value="ToDoList Workshop" />
    <property name="java.version" value="1.8.0_141" />
    <property name="user.timezone" value="" />
    <property name="env.APP_ICON_351" value="../Resources/Eclipse.icns" />
    <property name="sun.arch.data.model" value="64" />
    <property name="java.endorsed.dirs" value="/Library/Java/JavaVirtualMachines/jdk1.8.0_141.jdk/Contents/Home/jre/lib/endorsed" />
    <property name="sun.cpu.isalist" value="" />
    <property name="sun.jnu.encoding" value="UTF-8" />
    <property name="file.encoding.pkg" value="sun.io" />
    <property name="file.separator" value="/" />
    <property name="java.specification.name" value="Java Platform API Specification" />
    <property name="java.class.version" value="52.0" />
    <property name="user.country" value="AU" />
    <property name="java.home" value="/Library/Java/JavaVirtualMachines/jdk1.8.0_141.jdk/Contents/Home/jre" />
    <property name="java.vm.info" value="mixed mode" />
    <property name="env.LOGNAME" value="Wenbin" />
    <property name="ant.file" value="/Users/Wenbin/git/team3/build.xml" />
    <property name="os.version" value="10.15.4" />
    <property name="path.separator" value=":" />
    <property name="java.vm.version" value="25.141-b15" />
    <property name="ant.library.dir" value="/Users/Wenbin/.p2/pool/plugins/org.apache.ant_1.10.9.v20201106-1946/lib" />
    <property name="junit.output.dir" value="junit" />
    <property name="java.awt.printerjob" value="sun.lwawt.macosx.CPrinterJob" />
    <property name="sun.io.unicode.encoding" value="UnicodeBig" />
    <property name="awt.toolkit" value="sun.lwawt.macosx.LWCToolkit" />
    <property name="user.home" value="/Users/Wenbin" />
    <property name="target" value="1.8" />
    <property name="java.specification.vendor" value="Oracle Corporation" />
    <property name="ant.file.type.ToDoList Workshop" value="file" />
    <property name="ant.file.ToDoList Workshop" value="/Users/Wenbin/git/team3/build.xml" />
    <property name="java.library.path" value="/Users/Wenbin/Library/Java/Extensions:/Library/Java/Extensions:/Network/Library/Java/Extensions:/System/Library/Java/Extensions:/usr/lib/java:." />
    <property name="java.vendor.url" value="http://java.oracle.com/" />
    <property name="java.vm.vendor" value="Oracle Corporation" />
    <property name="gopherProxySet" value="false" />
    <property name="env.LaunchInstanceID" value="124FB9FD-ECC8-4B21-AA02-A24D0E27ADFB" />
    <property name="java.runtime.name" value="Java(TM) SE Runtime Environment" />
    <property name="sun.java.command" value="org.apache.tools.ant.taskdefs.optional.junit.JUnitTestRunner ToDoListTest skipNonTests=false filtertrace=true haltOnError=false haltOnFailure=false formatter=org.apache.tools.ant.taskdefs.optional.junit.OutErrSummaryJUnitResultFormatter showoutput=false outputtoformatters=true logfailedtests=true threadid=0 logtestlistenerevents=false formatter=org.apache.tools.ant.taskdefs.optional.junit.XMLJUnitResultFormatter,/Users/Wenbin/git/team3/junit/TEST-ToDoListTest.xml crashfile=/Users/Wenbin/git/team3/junitvmwatcher3542176827951119167.properties propsfile=/Users/Wenbin/git/team3/junit6861046529229543641.properties" />
    <property name="java.class.path" value="/Users/Wenbin/git/team3/bin:/Users/Wenbin/git/team3/lib/junit-4.13.2.jar:/Users/Wenbin/git/team3/lib/hamcrest-core-1.3.jar:/Users/Wenbin/.p2/pool/plugins/org.apache.ant_1.10.9.v20201106-1946/lib/ant-launcher.jar:/Users/Wenbin/.p2/pool/plugins/org.apache.ant_1.10.9.v20201106-1946/lib/ant.jar:/Users/Wenbin/.p2/pool/plugins/org.apache.ant_1.10.9.v20201106-1946/lib/ant-junit.jar:/Users/Wenbin/.p2/pool/plugins/org.apache.ant_1.10.9.v20201106-1946/lib/ant-junit4.jar" />
    <property name="ant.version" value="Apache Ant(TM) version 1.10.9 compiled on September 27 2020" />
    <property name="java.vm.specification.name" value="Java Virtual Machine Specification" />
    <property name="java.vm.specification.version" value="1.8" />
    <property name="sun.cpu.endian" value="little" />
    <property name="sun.os.patch.level" value="unknown" />
    <property name="debuglevel" value="source,lines,vars" />
    <property name="env.HOME" value="/Users/Wenbin" />
    <property name="env.ANT_HOME" value="/Users/Wenbin/.p2/pool/plugins/org.apache.ant_1.10.9.v20201106-1946" />
    <property name="java.io.tmpdir" value="/var/folders/t2/tvbb4lg90zx26134p285bdd00000gp/T/" />
    <property name="java.vendor.url.bug" value="http://bugreport.sun.com/bugreport/" />
    <property name="env.SSH_AUTH_SOCK" value="/private/tmp/com.apple.launchd.cquDeWpGwk/Listeners" />
    <property name="env.COMMAND_MODE" value="unix2003" />
    <property name="java.awt.graphicsenv" value="sun.awt.CGraphicsEnvironment" />
    <property name="os.arch" value="x86_64" />
    <property name="java.ext.dirs" value="/Users/Wenbin/Library/Java/Extensions:/Library/Java/JavaVirtualMachines/jdk1.8.0_141.jdk/Contents/Home/jre/lib/ext:/Library/Java/Extensions:/Network/Library/Java/Extensions:/System/Library/Java/Extensions:/usr/lib/java" />
    <property name="user.dir" value="/Users/Wenbin/git/team3" />
    <property name="env.JAVA_STARTED_ON_FIRST_THREAD_351" value="1" />
    <property name="env.SQLITE_EXEMPT_PATH_FROM_VNODE_GUARDS" value="/Users/Wenbin/Library/WebKit/Databases" />
    <property name="line.separator" value="&#xa;" />
    <property name="java.vm.name" value="Java HotSpot(TM) 64-Bit Server VM" />
    <property name="basedir" value="/Users/Wenbin/git/team3" />
    <property name="ant.java.version" value="1.8" />
    <property name="ant.core.lib" value="/Users/Wenbin/.p2/pool/plugins/org.apache.ant_1.10.9.v20201106-1946/lib/ant.jar" />
    <property name="env.JAVA_MAIN_CLASS_1056" value="org.eclipse.ant.internal.launching.remote.InternalAntRunner" />
    <property name="source" value="1.8" />
    <property name="file.encoding" value="UTF-8" />
    <property name="java.specification.version" value="1.8" />
    <property name="ant.project.invoked-targets" value="build" />
  </properties>
  <testcase classname="ToDoListTest" name="testAddTask" time="0.001" />
  <testcase classname="ToDoListTest" name="testGetResources" time="0.001" />
  <testcase classname="ToDoListTest" name="testGetDuration" time="0.0" />
  <testcase classname="ToDoListTest" name="testgetStatus" time="0.0" />
  <testcase classname="ToDoListTest" name="testRemoveTask" time="0.0" />
  <testcase classname="ToDoListTest" name="testGetAssignee" time="0.0" />
  <testcase classname="ToDoListTest" name="testGetUncompletedTasks" time="0.0" />
  <system-out><![CDATA[]]></system-out>
  <system-err><![CDATA[]]></system-err>
</testsuite>
